<?xml version="1.0" encoding="UTF-8"?>
<testsuite name="com.thoughtworks.collection.FlatenTest" tests="2" skipped="0" failures="0" errors="0" timestamp="2021-09-15T01:43:53" hostname="DESKTOP-OQ6GLMA" time="0.001">
  <properties/>
  <testcase name="can_transform_two_dimensional_array_to_one" classname="com.thoughtworks.collection.FlatenTest" time="0.001"/>
  <testcase name="can_transform_two_dimensional_array_to_one_and_delete_repeated" classname="com.thoughtworks.collection.FlatenTest" time="0.0"/>
  <system-out><![CDATA[]]></system-out>
  <system-err><![CDATA[]]></system-err>
</testsuite>
