<?xml version="1.0" encoding="UTF-8"?>
<testsuite name="com.thoughtworks.collection.MyMapTest" tests="5" skipped="0" failures="0" errors="0" timestamp="2021-09-15T01:43:53" hostname="DESKTOP-OQ6GLMA" time="0.001">
  <properties/>
  <testcase name="should_map_to_letter" classname="com.thoughtworks.collection.MyMapTest" time="0.001"/>
  <testcase name="should_map_to_triple" classname="com.thoughtworks.collection.MyMapTest" time="0.0"/>
  <testcase name="should_map_to_letters" classname="com.thoughtworks.collection.MyMapTest" time="0.0"/>
  <testcase name="should_sort_from_big_to_small" classname="com.thoughtworks.collection.MyMapTest" time="0.0"/>
  <testcase name="should_sort_from_small_to_big" classname="com.thoughtworks.collection.MyMapTest" time="0.0"/>
  <system-out><![CDATA[]]></system-out>
  <system-err><![CDATA[]]></system-err>
</testsuite>
